# JRE version: OpenJDK Runtime Environment (21.0.8) (build 21.0.8+-14196175-b1038.72)
# Java VM: OpenJDK 64-Bit Server VM (21.0.8+-14196175-b1038.72, mixed mode, tiered, compressed oops, compressed class ptrs, g1 gc, windows-amd64)
GC Precious Log:
 CardTable entry size: 512
 Card Set container configuration: InlinePtr #cards 4 size 8 Array Of Cards #cards 32 size 80 Howl #buckets 8 coarsen threshold 7372 Howl Bitmap #cards 1024 size 144 coarsen threshold 921 Card regions per heap region 1 cards per card region 8192
 CPUs: 8 total, 8 available
 Memory: 6057M
 Large Page Support: Disabled
 NUMA Support: Disabled
 Compressed Oops: Enabled (Zero based)
 Heap Region Size: 4M
 Heap Min Capacity: 8M
 Heap Initial Capacity: 96M
 Heap Max Capacity: 8G
 Pre-touch: Disabled
 Parallel Workers: 8
 Concurrent Workers: 2
 Concurrent Refinement Workers: 8
 Periodic GC: Disabled
Heap:
 garbage-first heap   total 282624K, used 189998K [0x0000000600000000, 0x0000000800000000)
  region size 4096K, 22 young (90112K), 3 survivors (12288K)
 Metaspace       used 135115K, committed 137408K, reserved 1179648K
  class space    used 18821K, committed 19904K, reserved 1048576K
GC Heap History (20 events):
Event: 36.745 GC heap before
{Heap before GC invocations=53 (full 0):
 garbage-first heap   total 221184K, used 185360K [0x0000000600000000, 0x0000000800000000)
  region size 4096K, 27 young (110592K), 3 survivors (12288K)
 Metaspace       used 94266K, committed 96192K, reserved 1179648K
  class space    used 13436K, committed 14400K, reserved 1048576K
}
Event: 36.753 GC heap after
{Heap after GC invocations=54 (full 0):
 garbage-first heap   total 278528K, used 84105K [0x0000000600000000, 0x0000000800000000)
  region size 4096K, 2 young (8192K), 2 survivors (8192K)
 Metaspace       used 94266K, committed 96192K, reserved 1179648K
  class space    used 13436K, committed 14400K, reserved 1048576K
}
Event: 37.801 GC heap before
{Heap before GC invocations=55 (full 0):
 garbage-first heap   total 278528K, used 239753K [0x0000000600000000, 0x0000000800000000)
  region size 4096K, 40 young (163840K), 2 survivors (8192K)
 Metaspace       used 94316K, committed 96256K, reserved 1179648K
  class space    used 13440K, committed 14400K, reserved 1048576K
}
Event: 37.808 GC heap after
{Heap after GC invocations=56 (full 0):
 garbage-first heap   total 278528K, used 85271K [0x0000000600000000, 0x0000000800000000)
  region size 4096K, 2 young (8192K), 2 survivors (8192K)
 Metaspace       used 94316K, committed 96256K, reserved 1179648K
  class space    used 13440K, committed 14400K, reserved 1048576K
}
Event: 38.543 GC heap before
{Heap before GC invocations=56 (full 0):
 garbage-first heap   total 278528K, used 240919K [0x0000000600000000, 0x0000000800000000)
  region size 4096K, 40 young (163840K), 2 survivors (8192K)
 Metaspace       used 94358K, committed 96256K, reserved 1179648K
  class space    used 13443K, committed 14400K, reserved 1048576K
}
Event: 38.553 GC heap after
{Heap after GC invocations=57 (full 0):
 garbage-first heap   total 278528K, used 86694K [0x0000000600000000, 0x0000000800000000)
  region size 4096K, 2 young (8192K), 2 survivors (8192K)
 Metaspace       used 94358K, committed 96256K, reserved 1179648K
  class space    used 13443K, committed 14400K, reserved 1048576K
}
Event: 39.968 GC heap before
{Heap before GC invocations=57 (full 0):
 garbage-first heap   total 278528K, used 238246K [0x0000000600000000, 0x0000000800000000)
  region size 4096K, 40 young (163840K), 2 survivors (8192K)
 Metaspace       used 94463K, committed 96384K, reserved 1179648K
  class space    used 13458K, committed 14400K, reserved 1048576K
}
Event: 39.973 GC heap after
{Heap after GC invocations=58 (full 0):
 garbage-first heap   total 278528K, used 83866K [0x0000000600000000, 0x0000000800000000)
  region size 4096K, 2 young (8192K), 2 survivors (8192K)
 Metaspace       used 94463K, committed 96384K, reserved 1179648K
  class space    used 13458K, committed 14400K, reserved 1048576K
}
Event: 41.052 GC heap before
{Heap before GC invocations=58 (full 0):
 garbage-first heap   total 278528K, used 239514K [0x0000000600000000, 0x0000000800000000)
  region size 4096K, 40 young (163840K), 2 survivors (8192K)
 Metaspace       used 94464K, committed 96384K, reserved 1179648K
  class space    used 13458K, committed 14400K, reserved 1048576K
}
Event: 41.060 GC heap after
{Heap after GC invocations=59 (full 0):
 garbage-first heap   total 278528K, used 82378K [0x0000000600000000, 0x0000000800000000)
  region size 4096K, 1 young (4096K), 1 survivors (4096K)
 Metaspace       used 94464K, committed 96384K, reserved 1179648K
  class space    used 13458K, committed 14400K, reserved 1048576K
}
Event: 42.230 GC heap before
{Heap before GC invocations=59 (full 0):
 garbage-first heap   total 278528K, used 242122K [0x0000000600000000, 0x0000000800000000)
  region size 4096K, 40 young (163840K), 1 survivors (4096K)
 Metaspace       used 94487K, committed 96384K, reserved 1179648K
  class space    used 13458K, committed 14400K, reserved 1048576K
}
Event: 42.235 GC heap after
{Heap after GC invocations=60 (full 0):
 garbage-first heap   total 278528K, used 81914K [0x0000000600000000, 0x0000000800000000)
  region size 4096K, 1 young (4096K), 1 survivors (4096K)
 Metaspace       used 94487K, committed 96384K, reserved 1179648K
  class space    used 13458K, committed 14400K, reserved 1048576K
}
Event: 43.367 GC heap before
{Heap before GC invocations=60 (full 0):
 garbage-first heap   total 278528K, used 241658K [0x0000000600000000, 0x0000000800000000)
  region size 4096K, 40 young (163840K), 1 survivors (4096K)
 Metaspace       used 94490K, committed 96384K, reserved 1179648K
  class space    used 13458K, committed 14400K, reserved 1048576K
}
Event: 43.371 GC heap after
{Heap after GC invocations=61 (full 0):
 garbage-first heap   total 278528K, used 82050K [0x0000000600000000, 0x0000000800000000)
  region size 4096K, 1 young (4096K), 1 survivors (4096K)
 Metaspace       used 94490K, committed 96384K, reserved 1179648K
  class space    used 13458K, committed 14400K, reserved 1048576K
}
Event: 44.512 GC heap before
{Heap before GC invocations=61 (full 0):
 garbage-first heap   total 278528K, used 241794K [0x0000000600000000, 0x0000000800000000)
  region size 4096K, 40 young (163840K), 1 survivors (4096K)
 Metaspace       used 94495K, committed 96384K, reserved 1179648K
  class space    used 13458K, committed 14400K, reserved 1048576K
}
Event: 44.521 GC heap after
{Heap after GC invocations=62 (full 0):
 garbage-first heap   total 278528K, used 81364K [0x0000000600000000, 0x0000000800000000)
  region size 4096K, 1 young (4096K), 1 survivors (4096K)
 Metaspace       used 94495K, committed 96384K, reserved 1179648K
  class space    used 13458K, committed 14400K, reserved 1048576K
}
Event: 47.919 GC heap before
{Heap before GC invocations=62 (full 0):
 garbage-first heap   total 278528K, used 249300K [0x0000000600000000, 0x0000000800000000)
  region size 4096K, 40 young (163840K), 1 survivors (4096K)
 Metaspace       used 112945K, committed 114880K, reserved 1179648K
  class space    used 16199K, committed 17152K, reserved 1048576K
}
Event: 47.937 GC heap after
{Heap after GC invocations=63 (full 0):
 garbage-first heap   total 278528K, used 95625K [0x0000000600000000, 0x0000000800000000)
  region size 4096K, 4 young (16384K), 4 survivors (16384K)
 Metaspace       used 112945K, committed 114880K, reserved 1179648K
  class space    used 16199K, committed 17152K, reserved 1048576K
}
Event: 51.010 GC heap before
{Heap before GC invocations=63 (full 0):
 garbage-first heap   total 278528K, used 251273K [0x0000000600000000, 0x0000000800000000)
  region size 4096K, 40 young (163840K), 4 survivors (16384K)
 Metaspace       used 130530K, committed 132800K, reserved 1179648K
  class space    used 18303K, committed 19392K, reserved 1048576K
}
Event: 51.033 GC heap after
{Heap after GC invocations=64 (full 0):
 garbage-first heap   total 282624K, used 116270K [0x0000000600000000, 0x0000000800000000)
  region size 4096K, 3 young (12288K), 3 survivors (12288K)
 Metaspace       used 130530K, committed 132800K, reserved 1179648K
  class space    used 18303K, committed 19392K, reserved 1048576K
}

